# JRE version: OpenJDK Runtime Environment Corretto-16.0.2.7.1 (16.0.2+7) (build 16.0.2+7)
# Java VM: OpenJDK 64-Bit Server VM Corretto-16.0.2.7.1 (16.0.2+7, mixed mode, sharing, tiered, compressed oops, compressed class ptrs, g1 gc, windows-amd64)
GC Precious Log:
 CPUs: 8 total, 8 available
 Memory: 16129M
 Large Page Support: Disabled
 NUMA Support: Disabled
 Compressed Oops: Enabled (32-bit)
 Heap Region Size: 1M
 Heap Min Capacity: 256M
 Heap Initial Capacity: 256M
 Heap Max Capacity: 512M
 Pre-touch: Disabled
 Parallel Workers: 8
 Concurrent Workers: 2
 Concurrent Refinement Workers: 8
 Periodic GC: Disabled
Heap:
 garbage-first heap   total 262144K, used 128178K [0x00000000e0000000, 0x0000000100000000)
  region size 1024K, 16 young (16384K), 1 survivors (1024K)
 Metaspace       used 70367K, committed 71360K, reserved 278528K
  class space    used 8985K, committed 9472K, reserved 212992K
GC Heap History (20 events):
Event: 739.428 GC heap before
{Heap before GC invocations=27 (full 0):
 garbage-first heap   total 262144K, used 203697K [0x00000000e0000000, 0x0000000100000000)
  region size 1024K, 105 young (107520K), 15 survivors (15360K)
 Metaspace       used 69844K, committed 70720K, reserved 278528K
  class space    used 8936K, committed 9408K, reserved 212992K
}
Event: 739.435 GC heap after
{Heap after GC invocations=28 (full 0):
 garbage-first heap   total 262144K, used 115261K [0x00000000e0000000, 0x0000000100000000)
  region size 1024K, 2 young (2048K), 2 survivors (2048K)
 Metaspace       used 69844K, committed 70720K, reserved 278528K
  class space    used 8936K, committed 9408K, reserved 212992K
}
Event: 4520.800 GC heap before
{Heap before GC invocations=28 (full 0):
 garbage-first heap   total 262144K, used 208445K [0x00000000e0000000, 0x0000000100000000)
  region size 1024K, 94 young (96256K), 2 survivors (2048K)
 Metaspace       used 69988K, committed 70912K, reserved 278528K
  class space    used 8936K, committed 9408K, reserved 212992K
}
Event: 4520.807 GC heap after
{Heap after GC invocations=29 (full 0):
 garbage-first heap   total 262144K, used 114237K [0x00000000e0000000, 0x0000000100000000)
  region size 1024K, 1 young (1024K), 1 survivors (1024K)
 Metaspace       used 69988K, committed 70912K, reserved 278528K
  class space    used 8936K, committed 9408K, reserved 212992K
}
Event: 47719.621 GC heap before
{Heap before GC invocations=29 (full 0):
 garbage-first heap   total 262144K, used 212541K [0x00000000e0000000, 0x0000000100000000)
  region size 1024K, 97 young (99328K), 1 survivors (1024K)
 Metaspace       used 69992K, committed 70912K, reserved 278528K
  class space    used 8936K, committed 9408K, reserved 212992K
}
Event: 47719.632 GC heap after
{Heap after GC invocations=30 (full 0):
 garbage-first heap   total 262144K, used 113959K [0x00000000e0000000, 0x0000000100000000)
  region size 1024K, 1 young (1024K), 1 survivors (1024K)
 Metaspace       used 69992K, committed 70912K, reserved 278528K
  class space    used 8936K, committed 9408K, reserved 212992K
}
Event: 47720.258 GC heap before
{Heap before GC invocations=30 (full 0):
 garbage-first heap   total 262144K, used 216359K [0x00000000e0000000, 0x0000000100000000)
  region size 1024K, 101 young (103424K), 1 survivors (1024K)
 Metaspace       used 69992K, committed 70912K, reserved 278528K
  class space    used 8936K, committed 9408K, reserved 212992K
}
Event: 47720.395 GC heap after
{Heap after GC invocations=31 (full 0):
 garbage-first heap   total 262144K, used 113809K [0x00000000e0000000, 0x0000000100000000)
  region size 1024K, 1 young (1024K), 1 survivors (1024K)
 Metaspace       used 69992K, committed 70912K, reserved 278528K
  class space    used 8936K, committed 9408K, reserved 212992K
}
Event: 47720.465 GC heap before
{Heap before GC invocations=31 (full 0):
 garbage-first heap   total 262144K, used 145553K [0x00000000e0000000, 0x0000000100000000)
  region size 1024K, 32 young (32768K), 1 survivors (1024K)
 Metaspace       used 69992K, committed 70912K, reserved 278528K
  class space    used 8936K, committed 9408K, reserved 212992K
}
Event: 47720.466 GC heap after
{Heap after GC invocations=32 (full 0):
 garbage-first heap   total 262144K, used 113803K [0x00000000e0000000, 0x0000000100000000)
  region size 1024K, 1 young (1024K), 1 survivors (1024K)
 Metaspace       used 69992K, committed 70912K, reserved 278528K
  class space    used 8936K, committed 9408K, reserved 212992K
}
Event: 47720.568 GC heap before
{Heap before GC invocations=32 (full 0):
 garbage-first heap   total 262144K, used 163979K [0x00000000e0000000, 0x0000000100000000)
  region size 1024K, 50 young (51200K), 1 survivors (1024K)
 Metaspace       used 69992K, committed 70912K, reserved 278528K
  class space    used 8936K, committed 9408K, reserved 212992K
}
Event: 47720.569 GC heap after
{Heap after GC invocations=33 (full 0):
 garbage-first heap   total 262144K, used 113787K [0x00000000e0000000, 0x0000000100000000)
  region size 1024K, 1 young (1024K), 1 survivors (1024K)
 Metaspace       used 69992K, committed 70912K, reserved 278528K
  class space    used 8936K, committed 9408K, reserved 212992K
}
Event: 47720.938 GC heap before
{Heap before GC invocations=33 (full 0):
 garbage-first heap   total 262144K, used 223355K [0x00000000e0000000, 0x0000000100000000)
  region size 1024K, 108 young (110592K), 1 survivors (1024K)
 Metaspace       used 69992K, committed 70912K, reserved 278528K
  class space    used 8936K, committed 9408K, reserved 212992K
}
Event: 47720.948 GC heap after
{Heap after GC invocations=34 (full 0):
 garbage-first heap   total 262144K, used 113802K [0x00000000e0000000, 0x0000000100000000)
  region size 1024K, 1 young (1024K), 1 survivors (1024K)
 Metaspace       used 69992K, committed 70912K, reserved 278528K
  class space    used 8936K, committed 9408K, reserved 212992K
}
Event: 47723.769 GC heap before
{Heap before GC invocations=34 (full 0):
 garbage-first heap   total 262144K, used 225418K [0x00000000e0000000, 0x0000000100000000)
  region size 1024K, 111 young (113664K), 1 survivors (1024K)
 Metaspace       used 69992K, committed 70912K, reserved 278528K
  class space    used 8936K, committed 9408K, reserved 212992K
}
Event: 47723.772 GC heap after
{Heap after GC invocations=35 (full 0):
 garbage-first heap   total 262144K, used 113807K [0x00000000e0000000, 0x0000000100000000)
  region size 1024K, 1 young (1024K), 1 survivors (1024K)
 Metaspace       used 69992K, committed 70912K, reserved 278528K
  class space    used 8936K, committed 9408K, reserved 212992K
}
Event: 55534.795 GC heap before
{Heap before GC invocations=35 (full 0):
 garbage-first heap   total 262144K, used 227471K [0x00000000e0000000, 0x0000000100000000)
  region size 1024K, 112 young (114688K), 1 survivors (1024K)
 Metaspace       used 69994K, committed 70912K, reserved 278528K
  class space    used 8938K, committed 9408K, reserved 212992K
}
Event: 55534.832 GC heap after
{Heap after GC invocations=36 (full 0):
 garbage-first heap   total 262144K, used 113831K [0x00000000e0000000, 0x0000000100000000)
  region size 1024K, 1 young (1024K), 1 survivors (1024K)
 Metaspace       used 69994K, committed 70912K, reserved 278528K
  class space    used 8938K, committed 9408K, reserved 212992K
}
Event: 56785.721 GC heap before
{Heap before GC invocations=36 (full 0):
 garbage-first heap   total 262144K, used 229543K [0x00000000e0000000, 0x0000000100000000)
  region size 1024K, 114 young (116736K), 1 survivors (1024K)
 Metaspace       used 69997K, committed 70912K, reserved 278528K
  class space    used 8938K, committed 9408K, reserved 212992K
}
Event: 56785.725 GC heap after
{Heap after GC invocations=37 (full 0):
 garbage-first heap   total 262144K, used 113842K [0x00000000e0000000, 0x0000000100000000)
  region size 1024K, 1 young (1024K), 1 survivors (1024K)
 Metaspace       used 69997K, committed 70912K, reserved 278528K
  class space    used 8938K, committed 9408K, reserved 212992K
}

